<?xml version="1.0" encoding="UTF-8"?>
<!-- Generated by org.testng.reporters.JUnitReportReporter -->
<testsuite hostname="Alnobl" failures="0" tests="3" name="myTestCases.myTestCases" time="4.213" errors="0" timestamp="2024-03-30T02:21:00 AST" skipped="2">
  <testcase classname="myTestCases.myTestCases" name="pressOnAllNumber2" time="4.213"/>
  <system-out/>
  <testcase classname="myTestCases.myTestCases" name="myTestcases">
    <skipped/>
  </testcase> <!-- myTestcases -->
  <system-out/>
  <testcase classname="myTestCases.myTestCases" name="pressOnAllNumber">
    <skipped/>
  </testcase> <!-- pressOnAllNumber -->
  <system-out/>
</testsuite> <!-- myTestCases.myTestCases -->
