<?xml version="1.0" encoding="UTF-8"?>
<!-- Generated by org.testng.reporters.JUnitReportReporter -->
<testsuite hostname="Alnobl" failures="0" tests="1" name="myTestCases.myTestCases" time="29.553" errors="0" timestamp="2024-03-28T04:12:16 AST" skipped="0">
  <testcase classname="myTestCases.myTestCases" name="myTestcases" time="29.553"/>
  <system-out/>
</testsuite> <!-- myTestCases.myTestCases -->
